<?xml version="1.0" encoding="UTF-8"?>
<!-- Generated by org.testng.reporters.JUnitXMLReporter -->
<testsuite ignored="0" hostname="Sumits-Air" failures="0" tests="4" name="Test" time="83.027" errors="0" timestamp="20 May 2019 17:46:43 GMT">
  <testcase classname="sumitYTFramwork.TC4" name="channelSubscribtion" time="15.052"/>
  <testcase classname="sumitYTFramwork.TC3" name="playVideoTest" time="16.773"/>
  <testcase classname="sumitYTFramwork.TC2" name="clickSubscribeButtonaftersignin" time="12.572"/>
  <testcase classname="sumitYTFramwork.TC1" name="singIn" time="11.975"/>
</testsuite> <!-- Test -->
