<?xml version="1.0" encoding="UTF-8"?>
<!-- Generated by org.testng.reporters.JUnitXMLReporter -->
<testsuite ignored="0" hostname="Sumits-Air" failures="1" tests="1" name="Command line test 3d38ac74-7a43-4503-96ef-87a1617cd021" time="40.262" errors="0" timestamp="09 Jun 2019 07:59:06 GMT">
  <testcase classname="sumitYTFramwork.TC1" name="singinTrending" time="17.498">
    <failure type="java.lang.AssertionError" message="expected [https://www.youtube.com/feed/trending] but found [https://www.youtube.com/]">
      <![CDATA[java.lang.AssertionError: expected [https://www.youtube.com/feed/trending] but found [https://www.youtube.com/]
at sumitYTFramwork.TC1.singinTrending(TC1.java:57)
at sumitYTFRunner.SumitYTFRunnerClass.main(SumitYTFRunnerClass.java:70)
... Removed 28 stack frames]]>
    </failure>
  </testcase> <!-- singinTrending -->
</testsuite> <!-- Command line test 3d38ac74-7a43-4503-96ef-87a1617cd021 -->
