<?xml version="1.0" encoding="UTF-8"?>
<testng-results ignored="0" total="4" passed="4" failed="0" skipped="0">
  <reporter-output>
  </reporter-output>
  <suite started-at="2019-05-20T17:45:20Z" name="Suite" finished-at="2019-05-20T17:46:43Z" duration-ms="83027">
    <groups>
    </groups>
    <test started-at="2019-05-20T17:45:20Z" name="Test" finished-at="2019-05-20T17:46:43Z" duration-ms="83027">
      <class name="sumitYTFramwork.TC4">
        <test-method is-config="true" signature="browserLaunce()[pri:0, instance:sumitYTFramwork.TC4@740773a3]" started-at="2019-05-20T17:45:20Z" name="browserLaunce" finished-at="2019-05-20T17:45:26Z" duration-ms="6612" status="PASS">
          <reporter-output>
          </reporter-output>
        </test-method> <!-- browserLaunce -->
        <test-method signature="channelSubscribtion()[pri:0, instance:sumitYTFramwork.TC4@740773a3]" started-at="2019-05-20T17:45:26Z" name="channelSubscribtion" finished-at="2019-05-20T17:45:41Z" duration-ms="15052" status="PASS">
          <reporter-output>
          </reporter-output>
        </test-method> <!-- channelSubscribtion -->
      </class> <!-- sumitYTFramwork.TC4 -->
      <class name="sumitYTFramwork.TC3">
        <test-method is-config="true" signature="browserLaunce()[pri:0, instance:sumitYTFramwork.TC3@37f1104d]" started-at="2019-05-20T17:45:41Z" name="browserLaunce" finished-at="2019-05-20T17:45:48Z" duration-ms="6619" status="PASS">
          <reporter-output>
          </reporter-output>
        </test-method> <!-- browserLaunce -->
        <test-method signature="playVideoTest()[pri:0, instance:sumitYTFramwork.TC3@37f1104d]" started-at="2019-05-20T17:45:48Z" name="playVideoTest" finished-at="2019-05-20T17:46:05Z" duration-ms="16773" status="PASS">
          <reporter-output>
          </reporter-output>
        </test-method> <!-- playVideoTest -->
      </class> <!-- sumitYTFramwork.TC3 -->
      <class name="sumitYTFramwork.TC2">
        <test-method is-config="true" signature="browserLaunce()[pri:0, instance:sumitYTFramwork.TC2@55740540]" started-at="2019-05-20T17:46:05Z" name="browserLaunce" finished-at="2019-05-20T17:46:12Z" duration-ms="6934" status="PASS">
          <reporter-output>
          </reporter-output>
        </test-method> <!-- browserLaunce -->
        <test-method signature="clickSubscribeButtonaftersignin()[pri:0, instance:sumitYTFramwork.TC2@55740540]" started-at="2019-05-20T17:46:12Z" name="clickSubscribeButtonaftersignin" finished-at="2019-05-20T17:46:24Z" duration-ms="12572" status="PASS">
          <reporter-output>
          </reporter-output>
        </test-method> <!-- clickSubscribeButtonaftersignin -->
      </class> <!-- sumitYTFramwork.TC2 -->
      <class name="sumitYTFramwork.TC1">
        <test-method is-config="true" signature="browserLaunce()[pri:0, instance:sumitYTFramwork.TC1@60015ef5]" started-at="2019-05-20T17:46:24Z" name="browserLaunce" finished-at="2019-05-20T17:46:31Z" duration-ms="6437" status="PASS">
          <reporter-output>
          </reporter-output>
        </test-method> <!-- browserLaunce -->
        <test-method signature="singIn()[pri:0, instance:sumitYTFramwork.TC1@60015ef5]" started-at="2019-05-20T17:46:31Z" name="singIn" finished-at="2019-05-20T17:46:43Z" duration-ms="11975" status="PASS">
          <reporter-output>
          </reporter-output>
        </test-method> <!-- singIn -->
      </class> <!-- sumitYTFramwork.TC1 -->
    </test> <!-- Test -->
  </suite> <!-- Suite -->
</testng-results>
